<?xml version="1.0" encoding="UTF-8"?>
<!-- Generated by org.testng.reporters.JUnitReportReporter -->
<testsuite hostname="DESKTOP-7G2NHNI" failures="0" tests="2" name="com.actitime.qa.testcases.HomePageTest" time="39.998" errors="0" timestamp="2022-11-08T22:18:33 IST" skipped="0">
  <testcase classname="com.actitime.qa.testcases.HomePageTest" name="homePageLogoTest" time="19.789"/>
  <system-out/>
  <testcase classname="com.actitime.qa.testcases.HomePageTest" name="homePageTaskLinkTest" time="20.209"/>
  <system-out/>
</testsuite> <!-- com.actitime.qa.testcases.HomePageTest -->
