<?xml version="1.0" encoding="UTF-8"?>
<!-- Generated by org.testng.reporters.JUnitReportReporter -->
<testsuite hostname="DESKTOP-7G2NHNI" failures="0" tests="2" name="com.actitime.qa.testcases.HomePageTest" time="34.869" errors="0" timestamp="2022-11-08T23:34:31 IST" skipped="0">
  <testcase classname="com.actitime.qa.testcases.HomePageTest" name="homePageLogoTest" time="15.867"/>
  <system-out/>
  <testcase classname="com.actitime.qa.testcases.HomePageTest" name="homePageTaskLinkTest" time="19.002"/>
  <system-out/>
</testsuite> <!-- com.actitime.qa.testcases.HomePageTest -->
