<?xml version="1.0" encoding="UTF-8"?>
<!-- Generated by org.testng.reporters.JUnitReportReporter -->
<testsuite hostname="DESKTOP-7G2NHNI" failures="0" tests="3" name="com.actitime.qa.testcases.LoginPageTest" time="71.112" errors="0" timestamp="2022-11-08T22:18:33 IST" skipped="0">
  <testcase classname="com.actitime.qa.testcases.LoginPageTest" name="loginPageLogoTest" time="15.923"/>
  <system-out/>
  <testcase classname="com.actitime.qa.testcases.LoginPageTest" name="LoginTest" time="17.307"/>
  <system-out/>
  <testcase classname="com.actitime.qa.testcases.LoginPageTest" name="LoginTest" time="37.882"/>
  <system-out/>
</testsuite> <!-- com.actitime.qa.testcases.LoginPageTest -->
